  stdafx.cpp
  World.cpp
  Weapon.cpp
  StatusTimer.cpp
  SmashWorld.cpp
  SmashCharacter.cpp
  Projectile.cpp
  PlayerCharacter.cpp
  RigidBody.cpp
  Platform.cpp
  GridHandler.cpp
  EndOfTheGame.cpp
  Drawable.cpp
  Checkpoint.cpp
  b2Rope.cpp
  b2WheelJoint.cpp
  b2WeldJoint.cpp
  b2RopeJoint.cpp
  b2RevoluteJoint.cpp
  b2PulleyJoint.cpp
  b2PrismaticJoint.cpp
  Generating Code...
  Compiling...
  b2MouseJoint.cpp
  b2MotorJoint.cpp
  b2Joint.cpp
  b2GearJoint.cpp
  b2FrictionJoint.cpp
  b2DistanceJoint.cpp
  b2PolygonContact.cpp
  b2PolygonAndCircleContact.cpp
  b2EdgeAndPolygonContact.cpp
  b2EdgeAndCircleContact.cpp
  b2ContactSolver.cpp
  b2Contact.cpp
  b2CircleContact.cpp
  b2ChainAndPolygonContact.cpp
  b2ChainAndCircleContact.cpp
  b2WorldCallbacks.cpp
  b2World.cpp
  b2Island.cpp
  b2Fixture.cpp
  b2ContactManager.cpp
  Generating Code...
  Compiling...
  b2Body.cpp
  b2Timer.cpp
  b2StackAllocator.cpp
  b2Settings.cpp
  b2Math.cpp
  b2Draw.cpp
  b2BlockAllocator.cpp
  b2PolygonShape.cpp
  b2EdgeShape.cpp
  b2CircleShape.cpp
  b2ChainShape.cpp
  b2TimeOfImpact.cpp
  b2DynamicTree.cpp
  b2Distance.cpp
  b2Collision.cpp
  b2CollidePolygon.cpp
  b2CollideEdge.cpp
  b2CollideCircle.cpp
  b2BroadPhase.cpp
  Box2DRigidBody.cpp
  Generating Code...
  Compiling...
  MenuController.cpp
  main.cpp
  SpriteAnimation.cpp
  Settings.cpp
  json_writer.cpp
  json_value.cpp
  json_reader.cpp
  InputHandler.cpp
  Camera.cpp
  AssetManager.cpp
  Door.cpp
  DialogueLine.cpp
  Creature.cpp
  BoulderCreature.cpp
  Attack.cpp
  AdvancedInput.cpp
  Generating Code...
StatusTimer.obj : error LNK2001: unresolved external symbol "__declspec(dllimport) public: virtual __cdecl sfe::Movie::~Movie(void)" (__imp_??1Movie@sfe@@UEAA@XZ)
Weapon.obj : error LNK2001: unresolved external symbol "__declspec(dllimport) public: virtual __cdecl sfe::Movie::~Movie(void)" (__imp_??1Movie@sfe@@UEAA@XZ)
MenuController.obj : error LNK2001: unresolved external symbol "__declspec(dllimport) public: virtual __cdecl sfe::Movie::~Movie(void)" (__imp_??1Movie@sfe@@UEAA@XZ)
Box2DRigidBody.obj : error LNK2001: unresolved external symbol "__declspec(dllimport) public: virtual __cdecl sfe::Movie::~Movie(void)" (__imp_??1Movie@sfe@@UEAA@XZ)
PlayerCharacter.obj : error LNK2001: unresolved external symbol "__declspec(dllimport) public: virtual __cdecl sfe::Movie::~Movie(void)" (__imp_??1Movie@sfe@@UEAA@XZ)
SmashCharacter.obj : error LNK2001: unresolved external symbol "__declspec(dllimport) public: virtual __cdecl sfe::Movie::~Movie(void)" (__imp_??1Movie@sfe@@UEAA@XZ)
Attack.obj : error LNK2001: unresolved external symbol "__declspec(dllimport) public: virtual __cdecl sfe::Movie::~Movie(void)" (__imp_??1Movie@sfe@@UEAA@XZ)
BoulderCreature.obj : error LNK2001: unresolved external symbol "__declspec(dllimport) public: virtual __cdecl sfe::Movie::~Movie(void)" (__imp_??1Movie@sfe@@UEAA@XZ)
Door.obj : error LNK2001: unresolved external symbol "__declspec(dllimport) public: virtual __cdecl sfe::Movie::~Movie(void)" (__imp_??1Movie@sfe@@UEAA@XZ)
main.obj : error LNK2001: unresolved external symbol "__declspec(dllimport) public: virtual __cdecl sfe::Movie::~Movie(void)" (__imp_??1Movie@sfe@@UEAA@XZ)
SmashWorld.obj : error LNK2019: unresolved external symbol "__declspec(dllimport) public: __cdecl sfe::Movie::Movie(void)" (__imp_??0Movie@sfe@@QEAA@XZ) referenced in function "public: __cdecl SmashWorld::SmashWorld(void)" (??0SmashWorld@@QEAA@XZ)
SmashWorld.obj : error LNK2019: unresolved external symbol "__declspec(dllimport) public: bool __cdecl sfe::Movie::openFromFile(class std::basic_string<char,struct std::char_traits<char>,class std::allocator<char> > const &)" (__imp_?openFromFile@Movie@sfe@@QEAA_NAEBV?$basic_string@DU?$char_traits@D@std@@V?$allocator@D@2@@std@@@Z) referenced in function "public: void __cdecl SmashWorld::Init(class sf::RenderWindow *,class Camera *)" (?Init@SmashWorld@@QEAAXPEAVRenderWindow@sf@@PEAVCamera@@@Z)
SmashWorld.obj : error LNK2019: unresolved external symbol "__declspec(dllimport) public: void __cdecl sfe::Movie::play(void)" (__imp_?play@Movie@sfe@@QEAAXXZ) referenced in function "public: void __cdecl SmashWorld::Init(class sf::RenderWindow *,class Camera *)" (?Init@SmashWorld@@QEAAXPEAVRenderWindow@sf@@PEAVCamera@@@Z)
SmashWorld.obj : error LNK2019: unresolved external symbol "__declspec(dllimport) public: void __cdecl sfe::Movie::update(void)" (__imp_?update@Movie@sfe@@QEAAXXZ) referenced in function "public: void __cdecl SmashWorld::Update(__int64,__int64)" (?Update@SmashWorld@@QEAAX_J0@Z)
SmashWorld.obj : error LNK2019: unresolved external symbol "__declspec(dllimport) public: void __cdecl sfe::Movie::fit(float,float,float,float,bool)" (__imp_?fit@Movie@sfe@@QEAAXMMMM_N@Z) referenced in function "public: void __cdecl SmashWorld::Init(class sf::RenderWindow *,class Camera *)" (?Init@SmashWorld@@QEAAXPEAVRenderWindow@sf@@PEAVCamera@@@Z)
C:\sfeMovie\lib\bin\sfeMovie.lib : warning LNK4272: library machine type 'X86' conflicts with target machine type 'x64'
C:\sfeMovie\lib\bin\avcodec.lib : warning LNK4272: library machine type 'X86' conflicts with target machine type 'x64'
C:\sfeMovie\lib\bin\avformat.lib : warning LNK4272: library machine type 'X86' conflicts with target machine type 'x64'
C:\sfeMovie\lib\bin\avutil.lib : warning LNK4272: library machine type 'X86' conflicts with target machine type 'x64'
C:\sfeMovie\lib\bin\swresample.lib : warning LNK4272: library machine type 'X86' conflicts with target machine type 'x64'
C:\sfeMovie\lib\bin\swscale.lib : warning LNK4272: library machine type 'X86' conflicts with target machine type 'x64'
C:\Users\Ian\Documents\GitHub\Boulder\Boulder\x64\Debug\Boulder.exe : fatal error LNK1120: 6 unresolved externals
