c:\users\ian\documents\github\boulder\boulder\boulder\release\boulder.pch
c:\users\ian\documents\github\boulder\boulder\boulder\release\vc140.pdb
c:\users\ian\documents\github\boulder\boulder\boulder\release\stdafx.obj
c:\users\ian\documents\github\boulder\boulder\boulder\release\menucontroller.obj
c:\users\ian\documents\github\boulder\boulder\boulder\release\menu.obj
c:\users\ian\documents\github\boulder\boulder\boulder\release\main.obj
c:\users\ian\documents\github\boulder\boulder\boulder\release\hurtbox.obj
c:\users\ian\documents\github\boulder\boulder\boulder\release\spriteanimation.obj
c:\users\ian\documents\github\boulder\boulder\boulder\release\settings.obj
c:\users\ian\documents\github\boulder\boulder\boulder\release\json_writer.obj
c:\users\ian\documents\github\boulder\boulder\boulder\release\json_value.obj
c:\users\ian\documents\github\boulder\boulder\boulder\release\json_reader.obj
c:\users\ian\documents\github\boulder\boulder\boulder\release\inputhandler.obj
c:\users\ian\documents\github\boulder\boulder\boulder\release\camera.obj
c:\users\ian\documents\github\boulder\boulder\boulder\release\assetmanager.obj
c:\users\ian\documents\github\boulder\boulder\boulder\release\door.obj
c:\users\ian\documents\github\boulder\boulder\boulder\release\dialogueline.obj
c:\users\ian\documents\github\boulder\boulder\boulder\release\creature.obj
c:\users\ian\documents\github\boulder\boulder\boulder\release\characterscreen.obj
c:\users\ian\documents\github\boulder\boulder\boulder\release\boulderprojectile.obj
c:\users\ian\documents\github\boulder\boulder\boulder\release\bouldercreature.obj
c:\users\ian\documents\github\boulder\boulder\boulder\release\bossone.obj
c:\users\ian\documents\github\boulder\boulder\boulder\release\attack.obj
c:\users\ian\documents\github\boulder\boulder\boulder\release\b2body.obj
c:\users\ian\documents\github\boulder\boulder\boulder\release\b2timer.obj
c:\users\ian\documents\github\boulder\boulder\boulder\release\b2stackallocator.obj
c:\users\ian\documents\github\boulder\boulder\boulder\release\b2settings.obj
c:\users\ian\documents\github\boulder\boulder\boulder\release\b2math.obj
c:\users\ian\documents\github\boulder\boulder\boulder\release\b2draw.obj
c:\users\ian\documents\github\boulder\boulder\boulder\release\b2blockallocator.obj
c:\users\ian\documents\github\boulder\boulder\boulder\release\b2polygonshape.obj
c:\users\ian\documents\github\boulder\boulder\boulder\release\b2edgeshape.obj
c:\users\ian\documents\github\boulder\boulder\boulder\release\b2circleshape.obj
c:\users\ian\documents\github\boulder\boulder\boulder\release\b2chainshape.obj
c:\users\ian\documents\github\boulder\boulder\boulder\release\b2timeofimpact.obj
c:\users\ian\documents\github\boulder\boulder\boulder\release\b2dynamictree.obj
c:\users\ian\documents\github\boulder\boulder\boulder\release\b2distance.obj
c:\users\ian\documents\github\boulder\boulder\boulder\release\b2collision.obj
c:\users\ian\documents\github\boulder\boulder\boulder\release\b2collidepolygon.obj
c:\users\ian\documents\github\boulder\boulder\boulder\release\b2collideedge.obj
c:\users\ian\documents\github\boulder\boulder\boulder\release\b2collidecircle.obj
c:\users\ian\documents\github\boulder\boulder\boulder\release\b2broadphase.obj
c:\users\ian\documents\github\boulder\boulder\boulder\release\box2drigidbody.obj
c:\users\ian\documents\github\boulder\boulder\boulder\release\b2mousejoint.obj
c:\users\ian\documents\github\boulder\boulder\boulder\release\b2motorjoint.obj
c:\users\ian\documents\github\boulder\boulder\boulder\release\b2joint.obj
c:\users\ian\documents\github\boulder\boulder\boulder\release\b2gearjoint.obj
c:\users\ian\documents\github\boulder\boulder\boulder\release\b2frictionjoint.obj
c:\users\ian\documents\github\boulder\boulder\boulder\release\b2distancejoint.obj
c:\users\ian\documents\github\boulder\boulder\boulder\release\b2polygoncontact.obj
c:\users\ian\documents\github\boulder\boulder\boulder\release\b2polygonandcirclecontact.obj
c:\users\ian\documents\github\boulder\boulder\boulder\release\b2edgeandpolygoncontact.obj
c:\users\ian\documents\github\boulder\boulder\boulder\release\b2edgeandcirclecontact.obj
c:\users\ian\documents\github\boulder\boulder\boulder\release\b2contactsolver.obj
c:\users\ian\documents\github\boulder\boulder\boulder\release\b2contact.obj
c:\users\ian\documents\github\boulder\boulder\boulder\release\b2circlecontact.obj
c:\users\ian\documents\github\boulder\boulder\boulder\release\b2chainandpolygoncontact.obj
c:\users\ian\documents\github\boulder\boulder\boulder\release\b2chainandcirclecontact.obj
c:\users\ian\documents\github\boulder\boulder\boulder\release\b2worldcallbacks.obj
c:\users\ian\documents\github\boulder\boulder\boulder\release\b2world.obj
c:\users\ian\documents\github\boulder\boulder\boulder\release\b2island.obj
c:\users\ian\documents\github\boulder\boulder\boulder\release\b2fixture.obj
c:\users\ian\documents\github\boulder\boulder\boulder\release\b2contactmanager.obj
c:\users\ian\documents\github\boulder\boulder\boulder\release\weapon.obj
c:\users\ian\documents\github\boulder\boulder\boulder\release\trigger.obj
c:\users\ian\documents\github\boulder\boulder\boulder\release\statustimer.obj
c:\users\ian\documents\github\boulder\boulder\boulder\release\smashworld.obj
c:\users\ian\documents\github\boulder\boulder\boulder\release\smashcharacter.obj
c:\users\ian\documents\github\boulder\boulder\boulder\release\rune.obj
c:\users\ian\documents\github\boulder\boulder\boulder\release\projectile.obj
c:\users\ian\documents\github\boulder\boulder\boulder\release\rigidbody.obj
c:\users\ian\documents\github\boulder\boulder\boulder\release\drawable.obj
c:\users\ian\documents\github\boulder\boulder\boulder\release\b2rope.obj
c:\users\ian\documents\github\boulder\boulder\boulder\release\b2wheeljoint.obj
c:\users\ian\documents\github\boulder\boulder\boulder\release\b2weldjoint.obj
c:\users\ian\documents\github\boulder\boulder\boulder\release\b2ropejoint.obj
c:\users\ian\documents\github\boulder\boulder\boulder\release\b2revolutejoint.obj
c:\users\ian\documents\github\boulder\boulder\boulder\release\b2pulleyjoint.obj
c:\users\ian\documents\github\boulder\boulder\boulder\release\b2prismaticjoint.obj
c:\users\ian\documents\github\boulder\boulder\release\boulder.exe
c:\users\ian\documents\github\boulder\boulder\release\boulder.ipdb
c:\users\ian\documents\github\boulder\boulder\release\boulder.iobj
c:\users\ian\documents\github\boulder\boulder\release\boulder.pdb
c:\users\ian\documents\github\boulder\boulder\boulder\release\boulder.tlog\cl.command.1.tlog
c:\users\ian\documents\github\boulder\boulder\boulder\release\boulder.tlog\cl.read.1.tlog
c:\users\ian\documents\github\boulder\boulder\boulder\release\boulder.tlog\cl.write.1.tlog
c:\users\ian\documents\github\boulder\boulder\boulder\release\boulder.tlog\link.command.1.tlog
c:\users\ian\documents\github\boulder\boulder\boulder\release\boulder.tlog\link.read.1.tlog
c:\users\ian\documents\github\boulder\boulder\boulder\release\boulder.tlog\link.write.1.tlog
