c:\users\ian\documents\github\boulder\boulder\debug\boulder.pch
c:\users\ian\documents\github\boulder\boulder\debug\vc140.pdb
c:\users\ian\documents\github\boulder\boulder\debug\vc140.idb
c:\users\ian\documents\github\boulder\boulder\debug\stdafx.obj
c:\users\ian\documents\github\boulder\boulder\debug\b2mousejoint.obj
c:\users\ian\documents\github\boulder\boulder\debug\b2prismaticjoint.obj
c:\users\ian\documents\github\boulder\boulder\debug\b2pulleyjoint.obj
c:\users\ian\documents\github\boulder\boulder\debug\b2revolutejoint.obj
c:\users\ian\documents\github\boulder\boulder\debug\b2ropejoint.obj
c:\users\ian\documents\github\boulder\boulder\debug\b2weldjoint.obj
c:\users\ian\documents\github\boulder\boulder\debug\b2wheeljoint.obj
c:\users\ian\documents\github\boulder\boulder\debug\b2rope.obj
c:\users\ian\documents\github\boulder\boulder\debug\checkpoint.obj
c:\users\ian\documents\github\boulder\boulder\debug\drawable.obj
c:\users\ian\documents\github\boulder\boulder\debug\endofthegame.obj
c:\users\ian\documents\github\boulder\boulder\debug\gridhandler.obj
c:\users\ian\documents\github\boulder\boulder\debug\platform.obj
c:\users\ian\documents\github\boulder\boulder\debug\rigidbody.obj
c:\users\ian\documents\github\boulder\boulder\debug\playercharacter.obj
c:\users\ian\documents\github\boulder\boulder\debug\projectile.obj
c:\users\ian\documents\github\boulder\boulder\debug\smashcharacter.obj
c:\users\ian\documents\github\boulder\boulder\debug\smashworld.obj
c:\users\ian\documents\github\boulder\boulder\debug\statustimer.obj
c:\users\ian\documents\github\boulder\boulder\debug\world.obj
c:\users\ian\documents\github\boulder\boulder\debug\b2body.obj
c:\users\ian\documents\github\boulder\boulder\debug\b2contactmanager.obj
c:\users\ian\documents\github\boulder\boulder\debug\b2fixture.obj
c:\users\ian\documents\github\boulder\boulder\debug\b2island.obj
c:\users\ian\documents\github\boulder\boulder\debug\b2world.obj
c:\users\ian\documents\github\boulder\boulder\debug\b2worldcallbacks.obj
c:\users\ian\documents\github\boulder\boulder\debug\b2chainandcirclecontact.obj
c:\users\ian\documents\github\boulder\boulder\debug\b2chainandpolygoncontact.obj
c:\users\ian\documents\github\boulder\boulder\debug\b2circlecontact.obj
c:\users\ian\documents\github\boulder\boulder\debug\b2contact.obj
c:\users\ian\documents\github\boulder\boulder\debug\b2contactsolver.obj
c:\users\ian\documents\github\boulder\boulder\debug\b2edgeandcirclecontact.obj
c:\users\ian\documents\github\boulder\boulder\debug\b2edgeandpolygoncontact.obj
c:\users\ian\documents\github\boulder\boulder\debug\b2polygonandcirclecontact.obj
c:\users\ian\documents\github\boulder\boulder\debug\b2polygoncontact.obj
c:\users\ian\documents\github\boulder\boulder\debug\b2distancejoint.obj
c:\users\ian\documents\github\boulder\boulder\debug\b2frictionjoint.obj
c:\users\ian\documents\github\boulder\boulder\debug\b2gearjoint.obj
c:\users\ian\documents\github\boulder\boulder\debug\b2joint.obj
c:\users\ian\documents\github\boulder\boulder\debug\b2motorjoint.obj
c:\users\ian\documents\github\boulder\boulder\debug\main.obj
c:\users\ian\documents\github\boulder\boulder\debug\box2drigidbody.obj
c:\users\ian\documents\github\boulder\boulder\debug\b2broadphase.obj
c:\users\ian\documents\github\boulder\boulder\debug\b2collidecircle.obj
c:\users\ian\documents\github\boulder\boulder\debug\b2collideedge.obj
c:\users\ian\documents\github\boulder\boulder\debug\b2collidepolygon.obj
c:\users\ian\documents\github\boulder\boulder\debug\b2collision.obj
c:\users\ian\documents\github\boulder\boulder\debug\b2distance.obj
c:\users\ian\documents\github\boulder\boulder\debug\b2dynamictree.obj
c:\users\ian\documents\github\boulder\boulder\debug\b2timeofimpact.obj
c:\users\ian\documents\github\boulder\boulder\debug\b2chainshape.obj
c:\users\ian\documents\github\boulder\boulder\debug\b2circleshape.obj
c:\users\ian\documents\github\boulder\boulder\debug\b2edgeshape.obj
c:\users\ian\documents\github\boulder\boulder\debug\b2polygonshape.obj
c:\users\ian\documents\github\boulder\boulder\debug\b2blockallocator.obj
c:\users\ian\documents\github\boulder\boulder\debug\b2draw.obj
c:\users\ian\documents\github\boulder\boulder\debug\b2math.obj
c:\users\ian\documents\github\boulder\boulder\debug\b2settings.obj
c:\users\ian\documents\github\boulder\boulder\debug\b2stackallocator.obj
c:\users\ian\documents\github\boulder\boulder\debug\b2timer.obj
c:\users\ian\documents\github\boulder\boulder\debug\attack.obj
c:\users\ian\documents\github\boulder\boulder\debug\creature.obj
c:\users\ian\documents\github\boulder\boulder\debug\assetmanager.obj
c:\users\ian\documents\github\boulder\boulder\debug\camera.obj
c:\users\ian\documents\github\boulder\boulder\debug\inputhandler.obj
c:\users\ian\documents\github\boulder\boulder\debug\settings.obj
c:\users\ian\documents\github\boulder\boulder\debug\spriteanimation.obj
c:\users\ian\documents\github\boulder\debug\boulder.ilk
c:\users\ian\documents\github\boulder\debug\boulder.exe
c:\users\ian\documents\github\boulder\debug\boulder.pdb
c:\users\ian\documents\github\boulder\boulder\debug\box2drigidbody.obj.enc
c:\users\ian\documents\github\boulder\boulder\debug\boulder.tlog\cl.command.1.tlog
c:\users\ian\documents\github\boulder\boulder\debug\boulder.tlog\cl.read.1.tlog
c:\users\ian\documents\github\boulder\boulder\debug\boulder.tlog\cl.write.1.tlog
c:\users\ian\documents\github\boulder\boulder\debug\boulder.tlog\link.command.1.tlog
c:\users\ian\documents\github\boulder\boulder\debug\boulder.tlog\link.read.1.tlog
c:\users\ian\documents\github\boulder\boulder\debug\boulder.tlog\link.write.1.tlog
