  stdafx.cpp
  Weapon.cpp
  Trigger.cpp
  StatusTimer.cpp
  SmashWorld.cpp
  SmashCharacter.cpp
  Rune.cpp
  Projectile.cpp
  RigidBody.cpp
  Drawable.cpp
  b2Rope.cpp
  b2WheelJoint.cpp
  b2WeldJoint.cpp
  b2RopeJoint.cpp
  b2RevoluteJoint.cpp
  b2PulleyJoint.cpp
  b2PrismaticJoint.cpp
  b2MouseJoint.cpp
  b2MotorJoint.cpp
  b2Joint.cpp
  b2GearJoint.cpp
  Generating Code...
  Compiling...
  b2FrictionJoint.cpp
  b2DistanceJoint.cpp
  b2PolygonContact.cpp
  b2PolygonAndCircleContact.cpp
  b2EdgeAndPolygonContact.cpp
  b2EdgeAndCircleContact.cpp
  b2ContactSolver.cpp
  b2Contact.cpp
  b2CircleContact.cpp
  b2ChainAndPolygonContact.cpp
  b2ChainAndCircleContact.cpp
  b2WorldCallbacks.cpp
  b2World.cpp
  b2Island.cpp
  b2Fixture.cpp
  b2ContactManager.cpp
  b2Body.cpp
  b2Timer.cpp
  b2StackAllocator.cpp
  b2Settings.cpp
  Generating Code...
  Compiling...
  b2Math.cpp
  b2Draw.cpp
  b2BlockAllocator.cpp
  b2PolygonShape.cpp
  b2EdgeShape.cpp
  b2CircleShape.cpp
  b2ChainShape.cpp
  b2TimeOfImpact.cpp
  b2DynamicTree.cpp
  b2Distance.cpp
  b2Collision.cpp
  b2CollidePolygon.cpp
  b2CollideEdge.cpp
  b2CollideCircle.cpp
  b2BroadPhase.cpp
  Box2DRigidBody.cpp
  MenuController.cpp
  Menu.cpp
  main.cpp
  HurtBox.cpp
  Generating Code...
  Compiling...
  SpriteAnimation.cpp
  Settings.cpp
  json_writer.cpp
  json_value.cpp
  json_reader.cpp
  InputHandler.cpp
  Camera.cpp
  AssetManager.cpp
  Door.cpp
  DialogueLine.cpp
  Creature.cpp
  CharacterScreen.cpp
  BoulderProjectile.cpp
  BoulderCreature.cpp
  BossOne.cpp
  Attack.cpp
  Generating Code...
  Boulder.vcxproj -> C:\Users\Ian\Documents\GitHub\Boulder\Boulder\Debug\Boulder.exe
  Boulder.vcxproj -> C:\Users\Ian\Documents\GitHub\Boulder\Boulder\Debug\Boulder.pdb (Full PDB)
